<?xml version="1.0" encoding="UTF-8"?>
<!-- Generated by org.testng.reporters.JUnitReportReporter -->
<testsuite hostname="DESKTOP-25JO6U9" failures="0" tests="1" name="vtiger.CreateOrg" time="23.722" errors="0" timestamp="2025-02-10T16:02:05 IST" skipped="0">
  <testcase classname="vtiger.CreateOrg" name="createOrg" time="23.722"/>
  <system-out/>
</testsuite> <!-- vtiger.CreateOrg -->
