<?xml version="1.0" encoding="UTF-8"?>
<!-- Generated by org.testng.reporters.JUnitReportReporter -->
<testsuite hostname="DESKTOP-25JO6U9" failures="0" tests="1" name="vtiger.LoginTest" time="6.689" errors="0" timestamp="2025-02-08T18:18:43 IST" skipped="0">
  <testcase classname="vtiger.LoginTest" name="login" time="6.689"/>
  <system-out/>
</testsuite> <!-- vtiger.LoginTest -->
