<?xml version="1.0" encoding="UTF-8"?>
<!-- Generated by org.testng.reporters.JUnitReportReporter -->
<testsuite hostname="DESKTOP-25JO6U9" failures="0" tests="1" name="vtiger.Login" time="4.977" errors="0" timestamp="2025-02-08T10:46:19 IST" skipped="0">
  <testcase classname="vtiger.Login" name="login" time="4.977"/>
  <system-out/>
</testsuite> <!-- vtiger.Login -->
