<?xml version="1.0" encoding="UTF-8"?>
<!-- Generated by org.testng.reporters.JUnitReportReporter -->
<testsuite hostname="DESKTOP-25JO6U9" failures="0" tests="1" name="objectRepository.ScreenShot" time="3.084" errors="0" timestamp="2025-02-10T15:43:40 IST" skipped="0">
  <testcase classname="objectRepository.ScreenShot" name="screenShot" time="3.084"/>
  <system-out/>
</testsuite> <!-- objectRepository.ScreenShot -->
