<?xml version="1.0" encoding="UTF-8"?>
<!-- Generated by org.testng.reporters.JUnitReportReporter -->
<testsuite hostname="DESKTOP-25JO6U9" failures="0" tests="3" name="vtiger.Priority" time="0.022" errors="0" timestamp="2025-02-10T21:20:21 IST" skipped="0">
  <testcase classname="vtiger.Priority" name="a" time="0.014"/>
  <system-out>
    <![CDATA[A]]>
  </system-out>
  <testcase classname="vtiger.Priority" name="c" time="0.005"/>
  <system-out>
    <![CDATA[]]>
  </system-out>
  <testcase classname="vtiger.Priority" name="b" time="0.003"/>
  <system-out>
    <![CDATA[B]]>
  </system-out>
</testsuite> <!-- vtiger.Priority -->
